<?xml version="1.0" encoding="UTF-8"?>
<testng-results ignored="0" total="2" passed="2" failed="0" skipped="0">
  <reporter-output>
  </reporter-output>
  <suite started-at="2022-08-28T01:56:54 EDT" name="Default suite" finished-at="2022-08-28T01:57:02 EDT" duration-ms="8573">
    <groups>
    </groups>
    <test started-at="2022-08-28T01:56:54 EDT" name="Default test" finished-at="2022-08-28T01:57:02 EDT" duration-ms="8573">
      <class name="Sample.Sample.GoogleSearchTest">
        <test-method is-config="true" signature="setup()[pri:0, instance:Sample.Sample.GoogleSearchTest@32b260fa]" started-at="2022-08-28T01:56:54 EDT" name="setup" finished-at="2022-08-28T01:56:58 EDT" duration-ms="4445" status="PASS">
          <reporter-output>
          </reporter-output>
        </test-method> <!-- setup -->
        <test-method signature="verifyPageTitleTest()[pri:1, instance:Sample.Sample.GoogleSearchTest@32b260fa]" started-at="2022-08-28T01:56:58 EDT" name="verifyPageTitleTest" finished-at="2022-08-28T01:56:58 EDT" duration-ms="49" status="PASS">
          <reporter-output>
          </reporter-output>
        </test-method> <!-- verifyPageTitleTest -->
        <test-method is-config="true" signature="tearDown()[pri:0, instance:Sample.Sample.GoogleSearchTest@32b260fa]" started-at="2022-08-28T01:56:58 EDT" name="tearDown" finished-at="2022-08-28T01:56:59 EDT" duration-ms="346" status="PASS">
          <reporter-output>
          </reporter-output>
        </test-method> <!-- tearDown -->
        <test-method is-config="true" signature="setup()[pri:0, instance:Sample.Sample.GoogleSearchTest@32b260fa]" started-at="2022-08-28T01:56:59 EDT" name="setup" finished-at="2022-08-28T01:57:02 EDT" duration-ms="3108" status="PASS">
          <reporter-output>
          </reporter-output>
        </test-method> <!-- setup -->
        <test-method signature="VerifyGoogleLogoTest()[pri:2, instance:Sample.Sample.GoogleSearchTest@32b260fa]" started-at="2022-08-28T01:57:02 EDT" name="VerifyGoogleLogoTest" finished-at="2022-08-28T01:57:02 EDT" duration-ms="136" status="PASS">
          <reporter-output>
          </reporter-output>
        </test-method> <!-- VerifyGoogleLogoTest -->
        <test-method is-config="true" signature="tearDown()[pri:0, instance:Sample.Sample.GoogleSearchTest@32b260fa]" started-at="2022-08-28T01:57:02 EDT" name="tearDown" finished-at="2022-08-28T01:57:02 EDT" duration-ms="418" status="PASS">
          <reporter-output>
          </reporter-output>
        </test-method> <!-- tearDown -->
      </class> <!-- Sample.Sample.GoogleSearchTest -->
    </test> <!-- Default test -->
  </suite> <!-- Default suite -->
</testng-results>
