<?xml version="1.0" encoding="UTF-8"?>
<testng-results ignored="0" total="2" passed="2" failed="0" skipped="0">
  <reporter-output>
  </reporter-output>
  <suite started-at="2022-08-29T02:23:39 EDT" name="Default suite" finished-at="2022-08-29T02:23:46 EDT" duration-ms="6428">
    <groups>
    </groups>
    <test started-at="2022-08-29T02:23:39 EDT" name="Default test" finished-at="2022-08-29T02:23:46 EDT" duration-ms="6428">
      <class name="Sample.Sample.GoogleSearchTest">
        <test-method is-config="true" signature="setup()[pri:0, instance:Sample.Sample.GoogleSearchTest@32b260fa]" started-at="2022-08-29T02:23:39 EDT" name="setup" finished-at="2022-08-29T02:23:43 EDT" duration-ms="3600" status="PASS">
          <reporter-output>
          </reporter-output>
        </test-method> <!-- setup -->
        <test-method signature="verifyPageTitleTest()[pri:1, instance:Sample.Sample.GoogleSearchTest@32b260fa]" started-at="2022-08-29T02:23:43 EDT" name="verifyPageTitleTest" finished-at="2022-08-29T02:23:43 EDT" duration-ms="47" status="PASS">
          <reporter-output>
          </reporter-output>
        </test-method> <!-- verifyPageTitleTest -->
        <test-method is-config="true" signature="tearDown()[pri:0, instance:Sample.Sample.GoogleSearchTest@32b260fa]" started-at="2022-08-29T02:23:43 EDT" name="tearDown" finished-at="2022-08-29T02:23:43 EDT" duration-ms="325" status="PASS">
          <reporter-output>
          </reporter-output>
        </test-method> <!-- tearDown -->
        <test-method is-config="true" signature="setup()[pri:0, instance:Sample.Sample.GoogleSearchTest@32b260fa]" started-at="2022-08-29T02:23:43 EDT" name="setup" finished-at="2022-08-29T02:23:45 EDT" duration-ms="2076" status="PASS">
          <reporter-output>
          </reporter-output>
        </test-method> <!-- setup -->
        <test-method signature="VerifyGoogleLogoTest()[pri:2, instance:Sample.Sample.GoogleSearchTest@32b260fa]" started-at="2022-08-29T02:23:45 EDT" name="VerifyGoogleLogoTest" finished-at="2022-08-29T02:23:46 EDT" duration-ms="67" status="PASS">
          <reporter-output>
          </reporter-output>
        </test-method> <!-- VerifyGoogleLogoTest -->
        <test-method is-config="true" signature="tearDown()[pri:0, instance:Sample.Sample.GoogleSearchTest@32b260fa]" started-at="2022-08-29T02:23:46 EDT" name="tearDown" finished-at="2022-08-29T02:23:46 EDT" duration-ms="250" status="PASS">
          <reporter-output>
          </reporter-output>
        </test-method> <!-- tearDown -->
      </class> <!-- Sample.Sample.GoogleSearchTest -->
    </test> <!-- Default test -->
  </suite> <!-- Default suite -->
</testng-results>
